2018-10-13 17:03:18.386  INFO 12816 --- [main] com.async.AsyncTest                      : Starting AsyncTest on DESKTOP-L2HH64U with PID 12816 (started by Administrator in D:\works\springboot-lx-master\springboot-async)
2018-10-13 17:03:18.387  INFO 12816 --- [main] com.async.AsyncTest                      : No active profile set, falling back to default profiles: default
2018-10-13 17:03:18.405  INFO 12816 --- [main] ConfigServletWebServerApplicationContext : Refreshing org.springframework.boot.web.servlet.context.AnnotationConfigServletWebServerApplicationContext@1b1cfb87: startup date [Sat Oct 13 17:03:18 CST 2018]; root of context hierarchy
2018-10-13 17:03:19.070  WARN 12816 --- [main] o.m.s.mapper.ClassPathMapperScanner      : No MyBatis mapper was found in '[com.async]' package. Please check your configuration.
2018-10-13 17:03:19.677  INFO 12816 --- [main] trationDelegate$BeanPostProcessorChecker : Bean 'org.springframework.transaction.annotation.ProxyTransactionManagementConfiguration' of type [org.springframework.transaction.annotation.ProxyTransactionManagementConfiguration$$EnhancerBySpringCGLIB$$c7b51909] is not eligible for getting processed by all BeanPostProcessors (for example: not eligible for auto-proxying)
2018-10-13 17:03:20.511  INFO 12816 --- [main] o.s.b.w.embedded.tomcat.TomcatWebServer  : Tomcat initialized with port(s): 0 (http)
2018-10-13 17:03:20.550  INFO 12816 --- [main] o.apache.catalina.core.StandardService   : Starting service [Tomcat]
2018-10-13 17:03:20.551  INFO 12816 --- [main] org.apache.catalina.core.StandardEngine  : Starting Servlet Engine: Apache Tomcat/8.5.31
2018-10-13 17:03:20.564  INFO 12816 --- [localhost-startStop-1] o.a.catalina.core.AprLifecycleListener   : The APR based Apache Tomcat Native library which allows optimal performance in production environments was not found on the java.library.path: [D:\Java\jdk1.8.0_131\bin;C:\WINDOWS\Sun\Java\bin;C:\WINDOWS\system32;C:\WINDOWS;D:/Java/jre8/bin/server;D:/Java/jre8/bin;D:/Java/jre8/lib/amd64;C:\ProgramData\Oracle\Java\javapath;C:\WINDOWS\system32;C:\WINDOWS;C:\WINDOWS\System32\Wbem;C:\WINDOWS\System32\WindowsPowerShell\v1.0\;C:\Program Files\TortoiseSVN\bin;D:\Java\jdk1.8.0_131\bin;D:\maven\apache-maven-3.3.9\bin;D:\TortoiseGit\bin;C:\WINDOWS\System32\OpenSSH\;D:\scala-2.12.3\bin;D:\Git\cmd;D:\Git\mingw64\bin;D:\Git\usr\bin;C:\Users\Administrator\AppData\Local\Microsoft\WindowsApps;;D:\STS\sts-bundle\sts-3.9.1.RELEASE;;.]
2018-10-13 17:03:20.911  INFO 12816 --- [localhost-startStop-1] org.apache.jasper.servlet.TldScanner     : At least one JAR was scanned for TLDs yet contained no TLDs. Enable debug logging for this logger for a complete list of JARs that were scanned but no TLDs were found in them. Skipping unneeded JARs during scanning can improve startup time and JSP compilation time.
2018-10-13 17:03:20.919  INFO 12816 --- [localhost-startStop-1] o.a.c.c.C.[Tomcat].[localhost].[/]       : Initializing Spring embedded WebApplicationContext
2018-10-13 17:03:20.919  INFO 12816 --- [localhost-startStop-1] o.s.web.context.ContextLoader            : Root WebApplicationContext: initialization completed in 2514 ms
2018-10-13 17:03:21.923  INFO 12816 --- [localhost-startStop-1] o.s.b.w.servlet.ServletRegistrationBean  : Servlet dispatcherServlet mapped to [/]
2018-10-13 17:03:21.927  INFO 12816 --- [localhost-startStop-1] o.s.b.w.servlet.FilterRegistrationBean   : Mapping filter: 'characterEncodingFilter' to: [/*]
2018-10-13 17:03:21.927  INFO 12816 --- [localhost-startStop-1] o.s.b.w.servlet.FilterRegistrationBean   : Mapping filter: 'hiddenHttpMethodFilter' to: [/*]
2018-10-13 17:03:21.928  INFO 12816 --- [localhost-startStop-1] o.s.b.w.servlet.FilterRegistrationBean   : Mapping filter: 'httpPutFormContentFilter' to: [/*]
2018-10-13 17:03:21.928  INFO 12816 --- [localhost-startStop-1] o.s.b.w.servlet.FilterRegistrationBean   : Mapping filter: 'requestContextFilter' to: [/*]
2018-10-13 17:03:21.928  INFO 12816 --- [localhost-startStop-1] o.s.b.w.servlet.FilterRegistrationBean   : Mapping filter: 'httpTraceFilter' to: [/*]
2018-10-13 17:03:21.928  INFO 12816 --- [localhost-startStop-1] o.s.b.w.servlet.FilterRegistrationBean   : Mapping filter: 'webMvcMetricsFilter' to: [/*]
2018-10-13 17:03:22.109  INFO 12816 --- [main] o.s.w.s.handler.SimpleUrlHandlerMapping  : Mapped URL path [/**/favicon.ico] onto handler of type [class org.springframework.web.servlet.resource.ResourceHttpRequestHandler]
2018-10-13 17:03:22.357  INFO 12816 --- [main] s.w.s.m.m.a.RequestMappingHandlerAdapter : Looking for @ControllerAdvice: org.springframework.boot.web.servlet.context.AnnotationConfigServletWebServerApplicationContext@1b1cfb87: startup date [Sat Oct 13 17:03:18 CST 2018]; root of context hierarchy
2018-10-13 17:03:22.448  INFO 12816 --- [main] s.w.s.m.m.a.RequestMappingHandlerMapping : Mapped "{[/error]}" onto public org.springframework.http.ResponseEntity<java.util.Map<java.lang.String, java.lang.Object>> org.springframework.boot.autoconfigure.web.servlet.error.BasicErrorController.error(javax.servlet.http.HttpServletRequest)
2018-10-13 17:03:22.450  INFO 12816 --- [main] s.w.s.m.m.a.RequestMappingHandlerMapping : Mapped "{[/error],produces=[text/html]}" onto public org.springframework.web.servlet.ModelAndView org.springframework.boot.autoconfigure.web.servlet.error.BasicErrorController.errorHtml(javax.servlet.http.HttpServletRequest,javax.servlet.http.HttpServletResponse)
2018-10-13 17:03:22.481  INFO 12816 --- [main] o.s.w.s.handler.SimpleUrlHandlerMapping  : Mapped URL path [/webjars/**] onto handler of type [class org.springframework.web.servlet.resource.ResourceHttpRequestHandler]
2018-10-13 17:03:22.482  INFO 12816 --- [main] o.s.w.s.handler.SimpleUrlHandlerMapping  : Mapped URL path [/**] onto handler of type [class org.springframework.web.servlet.resource.ResourceHttpRequestHandler]
2018-10-13 17:03:22.942  INFO 12816 --- [main] o.s.b.a.e.web.EndpointLinksResolver      : Exposing 2 endpoint(s) beneath base path '/actuator'
2018-10-13 17:03:22.954  INFO 12816 --- [main] s.b.a.e.w.s.WebMvcEndpointHandlerMapping : Mapped "{[/actuator/health],methods=[GET],produces=[application/vnd.spring-boot.actuator.v2+json || application/json]}" onto public java.lang.Object org.springframework.boot.actuate.endpoint.web.servlet.AbstractWebMvcEndpointHandlerMapping$OperationHandler.handle(javax.servlet.http.HttpServletRequest,java.util.Map<java.lang.String, java.lang.String>)
2018-10-13 17:03:22.955  INFO 12816 --- [main] s.b.a.e.w.s.WebMvcEndpointHandlerMapping : Mapped "{[/actuator/info],methods=[GET],produces=[application/vnd.spring-boot.actuator.v2+json || application/json]}" onto public java.lang.Object org.springframework.boot.actuate.endpoint.web.servlet.AbstractWebMvcEndpointHandlerMapping$OperationHandler.handle(javax.servlet.http.HttpServletRequest,java.util.Map<java.lang.String, java.lang.String>)
2018-10-13 17:03:22.956  INFO 12816 --- [main] s.b.a.e.w.s.WebMvcEndpointHandlerMapping : Mapped "{[/actuator],methods=[GET],produces=[application/vnd.spring-boot.actuator.v2+json || application/json]}" onto protected java.util.Map<java.lang.String, java.util.Map<java.lang.String, org.springframework.boot.actuate.endpoint.web.Link>> org.springframework.boot.actuate.endpoint.web.servlet.WebMvcEndpointHandlerMapping.links(javax.servlet.http.HttpServletRequest,javax.servlet.http.HttpServletResponse)
2018-10-13 17:03:23.092  INFO 12816 --- [main] o.s.b.w.embedded.tomcat.TomcatWebServer  : Tomcat started on port(s): 55287 (http) with context path ''
2018-10-13 17:03:23.098  INFO 12816 --- [main] com.async.AsyncTest                      : Started AsyncTest in 5.067 seconds (JVM running for 5.955)
2018-10-13 17:03:23.285  INFO 12816 --- [main] com.alibaba.druid.pool.DruidDataSource   : {dataSource-1} inited
2018-10-13 17:03:23.538  INFO 12816 --- [main] .s.a.AnnotationAsyncExecutionInterceptor : No task executor bean found for async processing: no bean of type TaskExecutor and no bean named 'taskExecutor' either
2018-10-13 17:03:31.550  INFO 12816 --- [Thread-7] ConfigServletWebServerApplicationContext : Closing org.springframework.boot.web.servlet.context.AnnotationConfigServletWebServerApplicationContext@1b1cfb87: startup date [Sat Oct 13 17:03:18 CST 2018]; root of context hierarchy
2018-10-13 17:03:31.564  INFO 12816 --- [Thread-7] com.alibaba.druid.pool.DruidDataSource   : {dataSource-1} closed
2018-10-13 17:03:38.715  INFO 12188 --- [main] com.async.AsyncTest                      : Starting AsyncTest on DESKTOP-L2HH64U with PID 12188 (started by Administrator in D:\works\springboot-lx-master\springboot-async)
2018-10-13 17:03:38.716  INFO 12188 --- [main] com.async.AsyncTest                      : No active profile set, falling back to default profiles: default
2018-10-13 17:03:38.731  INFO 12188 --- [main] ConfigServletWebServerApplicationContext : Refreshing org.springframework.boot.web.servlet.context.AnnotationConfigServletWebServerApplicationContext@1b1cfb87: startup date [Sat Oct 13 17:03:38 CST 2018]; root of context hierarchy
2018-10-13 17:03:39.384  WARN 12188 --- [main] o.m.s.mapper.ClassPathMapperScanner      : No MyBatis mapper was found in '[com.async]' package. Please check your configuration.
2018-10-13 17:03:39.981  INFO 12188 --- [main] trationDelegate$BeanPostProcessorChecker : Bean 'org.springframework.transaction.annotation.ProxyTransactionManagementConfiguration' of type [org.springframework.transaction.annotation.ProxyTransactionManagementConfiguration$$EnhancerBySpringCGLIB$$302e7839] is not eligible for getting processed by all BeanPostProcessors (for example: not eligible for auto-proxying)
2018-10-13 17:03:40.826  INFO 12188 --- [main] o.s.b.w.embedded.tomcat.TomcatWebServer  : Tomcat initialized with port(s): 0 (http)
2018-10-13 17:03:40.861  INFO 12188 --- [main] o.apache.catalina.core.StandardService   : Starting service [Tomcat]
2018-10-13 17:03:40.861  INFO 12188 --- [main] org.apache.catalina.core.StandardEngine  : Starting Servlet Engine: Apache Tomcat/8.5.31
2018-10-13 17:03:40.873  INFO 12188 --- [localhost-startStop-1] o.a.catalina.core.AprLifecycleListener   : The APR based Apache Tomcat Native library which allows optimal performance in production environments was not found on the java.library.path: [D:\Java\jdk1.8.0_131\bin;C:\WINDOWS\Sun\Java\bin;C:\WINDOWS\system32;C:\WINDOWS;D:/Java/jre8/bin/server;D:/Java/jre8/bin;D:/Java/jre8/lib/amd64;C:\ProgramData\Oracle\Java\javapath;C:\WINDOWS\system32;C:\WINDOWS;C:\WINDOWS\System32\Wbem;C:\WINDOWS\System32\WindowsPowerShell\v1.0\;C:\Program Files\TortoiseSVN\bin;D:\Java\jdk1.8.0_131\bin;D:\maven\apache-maven-3.3.9\bin;D:\TortoiseGit\bin;C:\WINDOWS\System32\OpenSSH\;D:\scala-2.12.3\bin;D:\Git\cmd;D:\Git\mingw64\bin;D:\Git\usr\bin;C:\Users\Administrator\AppData\Local\Microsoft\WindowsApps;;D:\STS\sts-bundle\sts-3.9.1.RELEASE;;.]
2018-10-13 17:03:41.210  INFO 12188 --- [localhost-startStop-1] org.apache.jasper.servlet.TldScanner     : At least one JAR was scanned for TLDs yet contained no TLDs. Enable debug logging for this logger for a complete list of JARs that were scanned but no TLDs were found in them. Skipping unneeded JARs during scanning can improve startup time and JSP compilation time.
2018-10-13 17:03:41.216  INFO 12188 --- [localhost-startStop-1] o.a.c.c.C.[Tomcat].[localhost].[/]       : Initializing Spring embedded WebApplicationContext
2018-10-13 17:03:41.216  INFO 12188 --- [localhost-startStop-1] o.s.web.context.ContextLoader            : Root WebApplicationContext: initialization completed in 2485 ms
2018-10-13 17:03:42.203  INFO 12188 --- [localhost-startStop-1] o.s.b.w.servlet.ServletRegistrationBean  : Servlet dispatcherServlet mapped to [/]
2018-10-13 17:03:42.209  INFO 12188 --- [localhost-startStop-1] o.s.b.w.servlet.FilterRegistrationBean   : Mapping filter: 'characterEncodingFilter' to: [/*]
2018-10-13 17:03:42.209  INFO 12188 --- [localhost-startStop-1] o.s.b.w.servlet.FilterRegistrationBean   : Mapping filter: 'hiddenHttpMethodFilter' to: [/*]
2018-10-13 17:03:42.210  INFO 12188 --- [localhost-startStop-1] o.s.b.w.servlet.FilterRegistrationBean   : Mapping filter: 'httpPutFormContentFilter' to: [/*]
2018-10-13 17:03:42.210  INFO 12188 --- [localhost-startStop-1] o.s.b.w.servlet.FilterRegistrationBean   : Mapping filter: 'requestContextFilter' to: [/*]
2018-10-13 17:03:42.210  INFO 12188 --- [localhost-startStop-1] o.s.b.w.servlet.FilterRegistrationBean   : Mapping filter: 'httpTraceFilter' to: [/*]
2018-10-13 17:03:42.210  INFO 12188 --- [localhost-startStop-1] o.s.b.w.servlet.FilterRegistrationBean   : Mapping filter: 'webMvcMetricsFilter' to: [/*]
2018-10-13 17:03:42.393  INFO 12188 --- [main] o.s.w.s.handler.SimpleUrlHandlerMapping  : Mapped URL path [/**/favicon.ico] onto handler of type [class org.springframework.web.servlet.resource.ResourceHttpRequestHandler]
2018-10-13 17:03:42.626  INFO 12188 --- [main] s.w.s.m.m.a.RequestMappingHandlerAdapter : Looking for @ControllerAdvice: org.springframework.boot.web.servlet.context.AnnotationConfigServletWebServerApplicationContext@1b1cfb87: startup date [Sat Oct 13 17:03:38 CST 2018]; root of context hierarchy
2018-10-13 17:03:42.698  INFO 12188 --- [main] s.w.s.m.m.a.RequestMappingHandlerMapping : Mapped "{[/error]}" onto public org.springframework.http.ResponseEntity<java.util.Map<java.lang.String, java.lang.Object>> org.springframework.boot.autoconfigure.web.servlet.error.BasicErrorController.error(javax.servlet.http.HttpServletRequest)
2018-10-13 17:03:42.700  INFO 12188 --- [main] s.w.s.m.m.a.RequestMappingHandlerMapping : Mapped "{[/error],produces=[text/html]}" onto public org.springframework.web.servlet.ModelAndView org.springframework.boot.autoconfigure.web.servlet.error.BasicErrorController.errorHtml(javax.servlet.http.HttpServletRequest,javax.servlet.http.HttpServletResponse)
2018-10-13 17:03:42.739  INFO 12188 --- [main] o.s.w.s.handler.SimpleUrlHandlerMapping  : Mapped URL path [/webjars/**] onto handler of type [class org.springframework.web.servlet.resource.ResourceHttpRequestHandler]
2018-10-13 17:03:42.739  INFO 12188 --- [main] o.s.w.s.handler.SimpleUrlHandlerMapping  : Mapped URL path [/**] onto handler of type [class org.springframework.web.servlet.resource.ResourceHttpRequestHandler]
2018-10-13 17:03:43.157  INFO 12188 --- [main] o.s.b.a.e.web.EndpointLinksResolver      : Exposing 2 endpoint(s) beneath base path '/actuator'
2018-10-13 17:03:43.167  INFO 12188 --- [main] s.b.a.e.w.s.WebMvcEndpointHandlerMapping : Mapped "{[/actuator/health],methods=[GET],produces=[application/vnd.spring-boot.actuator.v2+json || application/json]}" onto public java.lang.Object org.springframework.boot.actuate.endpoint.web.servlet.AbstractWebMvcEndpointHandlerMapping$OperationHandler.handle(javax.servlet.http.HttpServletRequest,java.util.Map<java.lang.String, java.lang.String>)
2018-10-13 17:03:43.168  INFO 12188 --- [main] s.b.a.e.w.s.WebMvcEndpointHandlerMapping : Mapped "{[/actuator/info],methods=[GET],produces=[application/vnd.spring-boot.actuator.v2+json || application/json]}" onto public java.lang.Object org.springframework.boot.actuate.endpoint.web.servlet.AbstractWebMvcEndpointHandlerMapping$OperationHandler.handle(javax.servlet.http.HttpServletRequest,java.util.Map<java.lang.String, java.lang.String>)
2018-10-13 17:03:43.169  INFO 12188 --- [main] s.b.a.e.w.s.WebMvcEndpointHandlerMapping : Mapped "{[/actuator],methods=[GET],produces=[application/vnd.spring-boot.actuator.v2+json || application/json]}" onto protected java.util.Map<java.lang.String, java.util.Map<java.lang.String, org.springframework.boot.actuate.endpoint.web.Link>> org.springframework.boot.actuate.endpoint.web.servlet.WebMvcEndpointHandlerMapping.links(javax.servlet.http.HttpServletRequest,javax.servlet.http.HttpServletResponse)
2018-10-13 17:03:43.291  INFO 12188 --- [main] o.s.b.w.embedded.tomcat.TomcatWebServer  : Tomcat started on port(s): 55432 (http) with context path ''
2018-10-13 17:03:43.296  INFO 12188 --- [main] com.async.AsyncTest                      : Started AsyncTest in 4.929 seconds (JVM running for 5.822)
2018-10-13 17:03:43.475  INFO 12188 --- [main] com.alibaba.druid.pool.DruidDataSource   : {dataSource-1} inited
2018-10-13 17:03:43.695  INFO 12188 --- [main] .s.a.AnnotationAsyncExecutionInterceptor : No task executor bean found for async processing: no bean of type TaskExecutor and no bean named 'taskExecutor' either
2018-10-13 17:03:50.710  INFO 12188 --- [Thread-7] ConfigServletWebServerApplicationContext : Closing org.springframework.boot.web.servlet.context.AnnotationConfigServletWebServerApplicationContext@1b1cfb87: startup date [Sat Oct 13 17:03:38 CST 2018]; root of context hierarchy
2018-10-13 17:03:50.722  INFO 12188 --- [Thread-7] com.alibaba.druid.pool.DruidDataSource   : {dataSource-1} closed
